#
# A fatal error has been detected by the Java Runtime Environment:
#
#  EXCEPTION_ACCESS_VIOLATION (0xc0000005) at pc=0x6dae5d19, pid=3984, tid=0x0000084c
#
# JRE version: Java(TM) SE Runtime Environment (8.0_144-b01) (build 1.8.0_144-b01)
# Java VM: Java HotSpot(TM) Client VM (25.144-b01 mixed mode windows-x86 )
# Problematic frame:
# V  [jvm.dll+0x1b5d19]
#
# Failed to write core dump. Minidumps are not enabled by default on client versions of Windows
#
# If you would like to submit a bug report, please visit:
#   http://bugreport.java.com/bugreport/crash.jsp
#

---------------  T H R E A D  ---------------

Current thread (0x24d89400):  VMThread [stack: 0x24f70000,0x25170000] [id=2124]

siginfo: ExceptionCode=0xc0000005, reading address 0x00000088

Registers:
EAX=0x124c6150, EBX=0x00000000, ECX=0x2a134b68, EDX=0x00000000
ESP=0x2516f68c, EBP=0x2516f6a4, ESI=0x000003fe, EDI=0x12a69a90
EIP=0x6dae5d19, EFLAGS=0x00010202

Top of Stack: (sp=0x2516f68c)
0x2516f68c:   124c6150 2644b000 6dc9b4f4 00000000
0x2516f69c:   ffffffee 6dc9b4f4 2516f6b0 6dae5f1c
0x2516f6ac:   2644b004 2516f898 6daaaae3 2644b004
0x2516f6bc:   00000001 2644b000 00000000 00000000
0x2516f6cc:   2516f91c 2516f6ec 00000012 76fee394
0x2516f6dc:   521baab1 2516f910 6dc9b518 02430000
0x2516f6ec:   00000000 6d997bc8 2213000a 616a4c88
0x2516f6fc:   2516f714 6d9d4cf2 0000001d 30f3e014 

Instructions: (pc=0x6dae5d19)
0x6dae5cf9:   23 f0 29 35 78 b4 c9 6d a3 74 b4 c9 6d 8b c7 eb
0x6dae5d09:   09 48 a3 74 b4 c9 6d 8b 04 81 8b 48 04 8b 11 50
0x6dae5d19:   8b 82 88 00 00 00 ff d0 8b 0d 80 b4 c9 6d 85 c9
0x6dae5d29:   0f 85 51 ff ff ff a1 a4 b4 c9 6d 85 c0 0f 84 b8 


Register to memory mapping:

EAX=0x124c6150 is an oop

[error occurred during error reporting (printing register info), id 0xc0000005]

Stack: [0x24f70000,0x25170000],  sp=0x2516f68c,  free space=2045k
Native frames: (J=compiled Java code, j=interpreted, Vv=VM code, C=native code)
V  [jvm.dll+0x1b5d19]
V  [jvm.dll+0x1b5f1c]
V  [jvm.dll+0x17aae3]
V  [jvm.dll+0x17961a]
V  [jvm.dll+0x987c0]
V  [jvm.dll+0x99ab1]
V  [jvm.dll+0x9b860]
V  [jvm.dll+0x9bcc9]
V  [jvm.dll+0x9aa7f]
V  [jvm.dll+0xa6d22]
V  [jvm.dll+0x99683]
V  [jvm.dll+0x936b5]
V  [jvm.dll+0x1b9146]
V  [jvm.dll+0x1834eb]
V  [jvm.dll+0x1828f1]
V  [jvm.dll+0x182d07]
V  [jvm.dll+0x182f02]
V  [jvm.dll+0x1c2ec6]
C  [MSVCR100.dll+0x5c556]
C  [MSVCR100.dll+0x5c600]
C  [kernel32.dll+0x1336a]
C  [ntdll.dll+0x39882]
C  [ntdll.dll+0x39855]

VM_Operation (0x268ec5c0): GenCollectForAllocation, mode: safepoint, requested by thread 0x24f67800


---------------  P R O C E S S  ---------------

Java Threads: ( => current thread )
  0x2644b000 JavaThread "vm-event-handler" [_thread_blocked, id=4356, stack(0x33650000,0x33850000)]
  0x2644e400 JavaThread "BlueJ I/O Handler" [_thread_blocked, id=452, stack(0x30a80000,0x30c80000)]
  0x2644c400 JavaThread "BlueJ I/O Handler" [_thread_in_native, id=3200, stack(0x30700000,0x30900000)]
  0x2644dc00 JavaThread "BlueJ I/O Handler" [_thread_in_native, id=2820, stack(0x30500000,0x30700000)]
  0x2644d800 JavaThread "JDI Target VM Interface" daemon [_thread_in_native, id=4300, stack(0x30300000,0x30500000)]
  0x2644d000 JavaThread "JDI Internal Event Handler" daemon [_thread_blocked, id=3572, stack(0x2ff00000,0x30100000)]
  0x2644f800 JavaThread "BlueJ compiler thread" [_thread_blocked, id=2632, stack(0x33050000,0x33250000)]
  0x2644bc00 JavaThread "Disposer" daemon [_thread_blocked, id=828, stack(0x322e0000,0x324e0000)]
  0x30f3f000 JavaThread "pool-3-thread-4" [_thread_blocked, id=580, stack(0x32c50000,0x32e50000)]
  0x26450800 JavaThread "pool-3-thread-3" [_thread_blocked, id=2776, stack(0x32a10000,0x32c10000)]
  0x2644fc00 JavaThread "pool-3-thread-2" [_thread_blocked, id=3516, stack(0x327d0000,0x329d0000)]
  0x26450400 JavaThread "pool-3-thread-1" [_thread_blocked, id=2284, stack(0x32590000,0x32790000)]
  0x2644ac00 JavaThread "Thread-12" daemon [_thread_blocked, id=3844, stack(0x2fa00000,0x2fc00000)]
  0x2644a400 JavaThread "TimerQueue" daemon [_thread_blocked, id=3532, stack(0x2c370000,0x2c570000)]
  0x2644a000 JavaThread "AWT-EventQueue-0" [_thread_blocked, id=428, stack(0x2c170000,0x2c370000)]
  0x26449800 JavaThread "AWT-Shutdown" [_thread_blocked, id=3476, stack(0x296a0000,0x298a0000)]
  0x26449000 JavaThread "Prism Font Disposer" daemon [_thread_blocked, id=552, stack(0x2ba50000,0x2bc50000)]
  0x26336000 JavaThread "Thread-5" [_thread_blocked, id=2232, stack(0x29b20000,0x29d20000)]
  0x262f6800 JavaThread "AWT-Windows" daemon [_thread_in_native, id=1396, stack(0x298e0000,0x29ae0000)]
  0x262eb800 JavaThread "Java2D Disposer" daemon [_thread_blocked, id=2408, stack(0x29460000,0x29660000)]
  0x262ef800 JavaThread "Thread-3" daemon [_thread_blocked, id=2412, stack(0x29060000,0x29260000)]
  0x262d3800 JavaThread "JavaFX Application Thread" [_thread_blocked, id=3944, stack(0x27360000,0x27560000)]
  0x262d7c00 JavaThread "Thread-2" daemon [_thread_blocked, id=3992, stack(0x27160000,0x27360000)]
  0x24f67800 JavaThread "QuantumRenderer-0" daemon [_thread_blocked, id=2868, stack(0x266f0000,0x268f0000)]
  0x24f0b000 JavaThread "JavaFX-Launcher" [_thread_blocked, id=2120, stack(0x260b0000,0x262b0000)]
  0x24df3800 JavaThread "Service Thread" daemon [_thread_blocked, id=2100, stack(0x25c30000,0x25e30000)]
  0x24dda400 JavaThread "C1 CompilerThread0" daemon [_thread_blocked, id=1488, stack(0x25a30000,0x25c30000)]
  0x24dd9000 JavaThread "Attach Listener" daemon [_thread_blocked, id=1604, stack(0x25830000,0x25a30000)]
  0x24dd6000 JavaThread "Signal Dispatcher" daemon [_thread_blocked, id=1800, stack(0x25630000,0x25830000)]
  0x24db4c00 JavaThread "Finalizer" daemon [_thread_blocked, id=1588, stack(0x25370000,0x25570000)]
  0x24d8f800 JavaThread "Reference Handler" daemon [_thread_blocked, id=1508, stack(0x25170000,0x25370000)]
  0x0243bc00 JavaThread "main" [_thread_blocked, id=3980, stack(0x00090000,0x00290000)]

Other Threads:
=>0x24d89400 VMThread [stack: 0x24f70000,0x25170000] [id=2124]
  0x24dd0800 WatcherThread [stack: 0x25e70000,0x26070000] [id=2108]

VM state:at safepoint (normal execution)

VM Mutex/Monitor currently owned by a thread:  ([mutex/lock_event])
[0x0243a190] Threads_lock - owner thread: 0x24d89400
[0x0243a5a0] Heap_lock - owner thread: 0x24f67800

Heap:
 def new generation   total 54720K, used 5609K [0x04800000, 0x08350000, 0x0f2a0000)
  eden space 48704K,   0% used [0x04800000, 0x04800000, 0x07790000)
  from space 6016K,  93% used [0x07d70000, 0x082ea578, 0x08350000)
  to   space 6016K,   0% used [0x07790000, 0x07790000, 0x07d70000)
 tenured generation   total 122944K, used 122886K [0x0f2a0000, 0x16ab0000, 0x24800000)
   the space 122944K,  99% used [0x0f2a0000, 0x16aa1990, 0x16aa1a00, 0x16ab0000)
 Metaspace       used 34614K, capacity 37243K, committed 37376K, reserved 38272K

Card table byte_map: [0x24800000,0x24910000] byte_map_base: 0x247dc000

Polling page: 0x00340000

CodeCache: size=32768Kb used=7522Kb max_used=8903Kb free=25245Kb
 bounds [0x027b0000, 0x03090000, 0x047b0000]
 total_blobs=5276 nmethods=4782 adapters=423
 compilation: enabled

Compilation events (10 events):
Event: 682.614 Thread 0x24dda400 30930             java.util.Arrays::equals (55 bytes)
Event: 682.614 Thread 0x24dda400 nmethod 30930 0x02b62e08 code [0x02b62f10, 0x02b63050]
Event: 682.614 Thread 0x24dda400 30931             com.sun.javafx.binding.ExpressionHelper$Generic::<init> (51 bytes)
Event: 682.615 Thread 0x24dda400 nmethod 30931 0x02866448 code [0x02866560, 0x0286681c]
Event: 682.616 Thread 0x24dda400 30932             javafx.scene.Node::getMirroringOrientationParent (39 bytes)
Event: 682.617 Thread 0x24dda400 nmethod 30932 0x02865f88 code [0x028660c0, 0x028662a4]
Event: 682.621 Thread 0x24dda400 30933             javafx.scene.Parent::requestLayout (10 bytes)
Event: 682.622 Thread 0x24dda400 nmethod 30933 0x02c7a0c8 code [0x02c7a1d0, 0x02c7a288]
Event: 682.696 Thread 0x24dda400 30934             com.sun.prism.BasicStroke::accumulate (136 bytes)
Event: 682.697 Thread 0x24dda400 nmethod 30934 0x02c79948 code [0x02c79a60, 0x02c79d90]

GC Heap History (10 events):
Event: 629.105 GC heap after
Heap after GC invocations=1038 (full 9):
 def new generation   total 54720K, used 4440K [0x04800000, 0x08350000, 0x0f2a0000)
  eden space 48704K,   0% used [0x04800000, 0x04800000, 0x07790000)
  from space 6016K,  73% used [0x07790000, 0x07be6150, 0x07d70000)
  to   space 6016K,   0% used [0x07d70000, 0x07d70000, 0x08350000)
 tenured generation   total 121272K, used 116843K [0x0f2a0000, 0x1690e000, 0x24800000)
   the space 121272K,  96% used [0x0f2a0000, 0x164bac58, 0x164bae00, 0x1690e000)
 Metaspace       used 34614K, capacity 37243K, committed 37376K, reserved 38272K
}
Event: 632.418 GC heap before
{Heap before GC invocations=1038 (full 9):
 def new generation   total 54720K, used 53144K [0x04800000, 0x08350000, 0x0f2a0000)
  eden space 48704K, 100% used [0x04800000, 0x07790000, 0x07790000)
  from space 6016K,  73% used [0x07790000, 0x07be6150, 0x07d70000)
  to   space 6016K,   0% used [0x07d70000, 0x07d70000, 0x08350000)
 tenured generation   total 121272K, used 116843K [0x0f2a0000, 0x1690e000, 0x24800000)
   the space 121272K,  96% used [0x0f2a0000, 0x164bac58, 0x164bae00, 0x1690e000)
 Metaspace       used 34614K, capacity 37243K, committed 37376K, reserved 38272K
Event: 632.449 GC heap after
Heap after GC invocations=1039 (full 9):
 def new generation   total 54720K, used 5097K [0x04800000, 0x08350000, 0x0f2a0000)
  eden space 48704K,   0% used [0x04800000, 0x04800000, 0x07790000)
  from space 6016K,  84% used [0x07d70000, 0x0826a4a0, 0x08350000)
  to   space 6016K,   0% used [0x07790000, 0x07790000, 0x07d70000)
 tenured generation   total 121272K, used 118430K [0x0f2a0000, 0x1690e000, 0x24800000)
   the space 121272K,  97% used [0x0f2a0000, 0x166479c0, 0x16647a00, 0x1690e000)
 Metaspace       used 34614K, capacity 37243K, committed 37376K, reserved 38272K
}
Event: 651.265 GC heap before
{Heap before GC invocations=1039 (full 9):
 def new generation   total 54720K, used 53801K [0x04800000, 0x08350000, 0x0f2a0000)
  eden space 48704K, 100% used [0x04800000, 0x07790000, 0x07790000)
  from space 6016K,  84% used [0x07d70000, 0x0826a4a0, 0x08350000)
  to   space 6016K,   0% used [0x07790000, 0x07790000, 0x07d70000)
 tenured generation   total 121272K, used 118430K [0x0f2a0000, 0x1690e000, 0x24800000)
   the space 121272K,  97% used [0x0f2a0000, 0x166479c0, 0x16647a00, 0x1690e000)
 Metaspace       used 34614K, capacity 37243K, committed 37376K, reserved 38272K
Event: 651.288 GC heap after
Heap after GC invocations=1040 (full 9):
 def new generation   total 54720K, used 2773K [0x04800000, 0x08350000, 0x0f2a0000)
  eden space 48704K,   0% used [0x04800000, 0x04800000, 0x07790000)
  from space 6016K,  46% used [0x07790000, 0x07a45488, 0x07d70000)
  to   space 6016K,   0% used [0x07d70000, 0x07d70000, 0x08350000)
 tenured generation   total 121272K, used 120765K [0x0f2a0000, 0x1690e000, 0x24800000)
   the space 121272K,  99% used [0x0f2a0000, 0x1688f4e8, 0x1688f600, 0x1690e000)
 Metaspace       used 34614K, capacity 37243K, committed 37376K, reserved 38272K
}
Event: 653.899 GC heap before
{Heap before GC invocations=1040 (full 9):
 def new generation   total 54720K, used 51477K [0x04800000, 0x08350000, 0x0f2a0000)
  eden space 48704K, 100% used [0x04800000, 0x07790000, 0x07790000)
  from space 6016K,  46% used [0x07790000, 0x07a45488, 0x07d70000)
  to   space 6016K,   0% used [0x07d70000, 0x07d70000, 0x08350000)
 tenured generation   total 121272K, used 120765K [0x0f2a0000, 0x1690e000, 0x24800000)
   the space 121272K,  99% used [0x0f2a0000, 0x1688f4e8, 0x1688f600, 0x1690e000)
 Metaspace       used 34614K, capacity 37243K, committed 37376K, reserved 38272K
Event: 653.910 GC heap after
Heap after GC invocations=1041 (full 9):
 def new generation   total 54720K, used 2893K [0x04800000, 0x08350000, 0x0f2a0000)
  eden space 48704K,   0% used [0x04800000, 0x04800000, 0x07790000)
  from space 6016K,  48% used [0x07d70000, 0x08043440, 0x08350000)
  to   space 6016K,   0% used [0x07790000, 0x07790000, 0x07d70000)
 tenured generation   total 121272K, used 120765K [0x0f2a0000, 0x1690e000, 0x24800000)
   the space 121272K,  99% used [0x0f2a0000, 0x1688f4e8, 0x1688f600, 0x1690e000)
 Metaspace       used 34614K, capacity 37243K, committed 37376K, reserved 38272K
}
Event: 663.320 GC heap before
{Heap before GC invocations=1041 (full 9):
 def new generation   total 54720K, used 51597K [0x04800000, 0x08350000, 0x0f2a0000)
  eden space 48704K, 100% used [0x04800000, 0x07790000, 0x07790000)
  from space 6016K,  48% used [0x07d70000, 0x08043440, 0x08350000)
  to   space 6016K,   0% used [0x07790000, 0x07790000, 0x07d70000)
 tenured generation   total 121272K, used 120765K [0x0f2a0000, 0x1690e000, 0x24800000)
   the space 121272K,  99% used [0x0f2a0000, 0x1688f4e8, 0x1688f600, 0x1690e000)
 Metaspace       used 34614K, capacity 37243K, committed 37376K, reserved 38272K
Event: 663.341 GC heap after
Heap after GC invocations=1042 (full 9):
 def new generation   total 54720K, used 4374K [0x04800000, 0x08350000, 0x0f2a0000)
  eden space 48704K,   0% used [0x04800000, 0x04800000, 0x07790000)
  from space 6016K,  72% used [0x07790000, 0x07bd5a20, 0x07d70000)
  to   space 6016K,   0% used [0x07d70000, 0x07d70000, 0x08350000)
 tenured generation   total 121272K, used 120765K [0x0f2a0000, 0x1690e000, 0x24800000)
   the space 121272K,  99% used [0x0f2a0000, 0x1688f4e8, 0x1688f600, 0x1690e000)
 Metaspace       used 34614K, capacity 37243K, committed 37376K, reserved 38272K
}
Event: 682.701 GC heap before
{Heap before GC invocations=1042 (full 9):
 def new generation   total 54720K, used 53078K [0x04800000, 0x08350000, 0x0f2a0000)
  eden space 48704K, 100% used [0x04800000, 0x07790000, 0x07790000)
  from space 6016K,  72% used [0x07790000, 0x07bd5a20, 0x07d70000)
  to   space 6016K,   0% used [0x07d70000, 0x07d70000, 0x08350000)
 tenured generation   total 121272K, used 120765K [0x0f2a0000, 0x1690e000, 0x24800000)
   the space 121272K,  99% used [0x0f2a0000, 0x1688f4e8, 0x1688f600, 0x1690e000)
 Metaspace       used 34614K, capacity 37243K, committed 37376K, reserved 38272K

Deoptimization events (0 events):
No events

Internal exceptions (10 events):
Event: 608.276 Thread 0x24f67800 Exception <a 'java/lang/ArrayIndexOutOfBoundsException'> (0x05b7e0d0) thrown at [C:\workspace\8-2-build-windows-i586-cygwin\jdk8u144\9417\hotspot\src\share\vm\runtime\sharedRuntime.cpp, line 605]
Event: 611.400 Thread 0x2644f800 Exception <a 'java/io/FileNotFoundException'> (0x04a716a0) thrown at [C:\workspace\8-2-build-windows-i586-cygwin\jdk8u144\9417\hotspot\src\share\vm\prims\jni.cpp, line 709]
Event: 611.401 Thread 0x2644f800 Exception <a 'java/io/FileNotFoundException'> (0x04a72d80) thrown at [C:\workspace\8-2-build-windows-i586-cygwin\jdk8u144\9417\hotspot\src\share\vm\prims\jni.cpp, line 709]
Event: 611.657 Thread 0x24f67800 Exception <a 'java/lang/ArrayIndexOutOfBoundsException'> (0x05c85118) thrown at [C:\workspace\8-2-build-windows-i586-cygwin\jdk8u144\9417\hotspot\src\share\vm\runtime\sharedRuntime.cpp, line 605]
Event: 631.975 Thread 0x2644f800 Exception <a 'java/io/FileNotFoundException'> (0x064f5a78) thrown at [C:\workspace\8-2-build-windows-i586-cygwin\jdk8u144\9417\hotspot\src\share\vm\prims\jni.cpp, line 709]
Event: 631.975 Thread 0x2644f800 Exception <a 'java/io/FileNotFoundException'> (0x064f7158) thrown at [C:\workspace\8-2-build-windows-i586-cygwin\jdk8u144\9417\hotspot\src\share\vm\prims\jni.cpp, line 709]
Event: 632.233 Thread 0x24f67800 Exception <a 'java/lang/ArrayIndexOutOfBoundsException'> (0x07749eb0) thrown at [C:\workspace\8-2-build-windows-i586-cygwin\jdk8u144\9417\hotspot\src\share\vm\runtime\sharedRuntime.cpp, line 605]
Event: 663.533 Thread 0x2644f800 Exception <a 'java/io/FileNotFoundException'> (0x0551b5a8) thrown at [C:\workspace\8-2-build-windows-i586-cygwin\jdk8u144\9417\hotspot\src\share\vm\prims\jni.cpp, line 709]
Event: 663.533 Thread 0x2644f800 Exception <a 'java/io/FileNotFoundException'> (0x0551cc88) thrown at [C:\workspace\8-2-build-windows-i586-cygwin\jdk8u144\9417\hotspot\src\share\vm\prims\jni.cpp, line 709]
Event: 663.748 Thread 0x24f67800 Exception <a 'java/lang/ArrayIndexOutOfBoundsException'> (0x06774458) thrown at [C:\workspace\8-2-build-windows-i586-cygwin\jdk8u144\9417\hotspot\src\share\vm\runtime\sharedRuntime.cpp, line 605]

Events (10 events):
Event: 682.545 Thread 0x24dda400 flushing nmethod 0x02cadf48
Event: 682.545 Thread 0x24dda400 flushing nmethod 0x02cbcdc8
Event: 682.545 Thread 0x24dda400 flushing nmethod 0x02cd9ac8
Event: 682.545 Thread 0x24dda400 flushing nmethod 0x02ced408
Event: 682.546 Thread 0x24dda400 flushing nmethod 0x02d05cc8
Event: 682.546 Thread 0x24dda400 flushing nmethod 0x02d0cac8
Event: 682.547 Thread 0x24dda400 flushing nmethod 0x02dae408
Event: 682.548 Thread 0x24dda400 flushing nmethod 0x02f32188
Event: 682.549 Thread 0x24dda400 flushing nmethod 0x02f679c8
Event: 682.701 Executing VM operation: GenCollectForAllocation


Dynamic libraries:
0x00400000 - 0x00494000 	C:\Program Files (x86)\BlueJ\BlueJ.exe
0x76fc0000 - 0x77140000 	C:\Windows\SysWOW64\ntdll.dll
0x766c0000 - 0x767d0000 	C:\Windows\syswow64\kernel32.dll
0x74a30000 - 0x74a77000 	C:\Windows\syswow64\KERNELBASE.dll
0x76930000 - 0x769d0000 	C:\Windows\syswow64\ADVAPI32.DLL
0x74c00000 - 0x74cac000 	C:\Windows\syswow64\msvcrt.dll
0x74be0000 - 0x74bf9000 	C:\Windows\SysWOW64\sechost.dll
0x76440000 - 0x76530000 	C:\Windows\syswow64\RPCRT4.dll
0x74940000 - 0x749a0000 	C:\Windows\syswow64\SspiCli.dll
0x74930000 - 0x7493c000 	C:\Windows\syswow64\CRYPTBASE.dll
0x74a80000 - 0x74afb000 	C:\Windows\syswow64\COMDLG32.DLL
0x74cb0000 - 0x74d07000 	C:\Windows\syswow64\SHLWAPI.dll
0x749a0000 - 0x74a30000 	C:\Windows\syswow64\GDI32.dll
0x75b80000 - 0x75c80000 	C:\Windows\syswow64\USER32.dll
0x74b30000 - 0x74b3a000 	C:\Windows\syswow64\LPK.dll
0x75c80000 - 0x75d1d000 	C:\Windows\syswow64\USP10.dll
0x743b0000 - 0x74434000 	C:\Windows\WinSxS\x86_microsoft.windows.common-controls_6595b64144ccf1df_5.82.7601.18837_none_ec86b8d6858ec0bc\COMCTL32.dll
0x74f30000 - 0x75b7b000 	C:\Windows\syswow64\SHELL32.dll
0x73080000 - 0x73089000 	C:\Windows\system32\VERSION.dll
0x761a0000 - 0x76200000 	C:\Windows\system32\IMM32.DLL
0x76860000 - 0x7692c000 	C:\Windows\syswow64\MSCTF.dll
0x6d930000 - 0x6dcfe000 	C:\Program Files (x86)\BlueJ\jdk\jre\bin\client\jvm.dll
0x70e70000 - 0x70e77000 	C:\Windows\system32\WSOCK32.dll
0x76b80000 - 0x76bb5000 	C:\Windows\syswow64\WS2_32.dll
0x76b70000 - 0x76b76000 	C:\Windows\syswow64\NSI.dll
0x70e30000 - 0x70e62000 	C:\Windows\system32\WINMM.dll
0x75ec0000 - 0x75ec5000 	C:\Windows\syswow64\PSAPI.DLL
0x6e010000 - 0x6e0cf000 	C:\Program Files (x86)\BlueJ\jdk\jre\bin\MSVCR100.dll
0x716d0000 - 0x716dc000 	C:\Program Files (x86)\BlueJ\jdk\jre\bin\verify.dll
0x70c50000 - 0x70c71000 	C:\Program Files (x86)\BlueJ\jdk\jre\bin\java.dll
0x70c90000 - 0x70ca3000 	C:\Program Files (x86)\BlueJ\jdk\jre\bin\zip.dll
0x75d60000 - 0x75ebc000 	C:\Windows\syswow64\ole32.dll
0x75d50000 - 0x75d5b000 	C:\Windows\syswow64\profapi.dll
0x6df20000 - 0x6e00e000 	C:\Program Files (x86)\BlueJ\jdk\jre\bin\msvcr120.dll
0x6dea0000 - 0x6df11000 	C:\Program Files (x86)\BlueJ\jdk\jre\bin\msvcp120.dll
0x6f8f0000 - 0x6f90e000 	C:\Program Files (x86)\BlueJ\jdk\jre\bin\prism_d3d.dll
0x6d760000 - 0x6d923000 	C:\Windows\system32\d3d9.dll
0x70c80000 - 0x70c86000 	C:\Windows\system32\d3d8thk.dll
0x73c60000 - 0x73c73000 	C:\Windows\system32\dwmapi.dll
0x6f9f0000 - 0x6fa70000 	C:\Windows\system32\uxtheme.dll
0x6dd60000 - 0x6de9b000 	C:\Windows\system32\aticfx32.dll
0x6dd30000 - 0x6dd52000 	C:\Windows\system32\atiu9pag.dll
0x6cfd0000 - 0x6d75a000 	C:\Windows\system32\igdumdim32.dll
0x6cc80000 - 0x6cfc7000 	C:\Windows\system32\igdusc32.dll
0x6c590000 - 0x6cc7f000 	C:\Windows\system32\atiumdag.dll
0x6bbd0000 - 0x6c581000 	C:\Windows\system32\atiumdva.dll
0x6dd00000 - 0x6dd25000 	C:\Windows\system32\POWRPROF.dll
0x769d0000 - 0x76b6d000 	C:\Windows\syswow64\SETUPAPI.dll
0x74d10000 - 0x74d37000 	C:\Windows\syswow64\CFGMGR32.dll
0x76270000 - 0x762ff000 	C:\Windows\syswow64\OLEAUT32.dll
0x76130000 - 0x76142000 	C:\Windows\syswow64\DEVOBJ.dll
0x6bb90000 - 0x6bbc3000 	C:\Program Files (x86)\BlueJ\jdk\jre\bin\glass.dll
0x6ba40000 - 0x6bb85000 	C:\Program Files (x86)\BlueJ\jdk\jre\bin\awt.dll
0x6f980000 - 0x6f991000 	C:\Program Files (x86)\BlueJ\jdk\jre\bin\javafx_font.dll
0x6b900000 - 0x6ba36000 	C:\Windows\system32\dwrite.dll
0x767d0000 - 0x76853000 	C:\Windows\syswow64\CLBCatQ.DLL
0x744a0000 - 0x7463e000 	C:\Windows\WinSxS\x86_microsoft.windows.common-controls_6595b64144ccf1df_6.0.7601.18837_none_41e855142bd5705d\comctl32.dll
0x73590000 - 0x736c1000 	C:\Windows\system32\WindowsCodecs.dll
0x70fd0000 - 0x7101c000 	C:\Windows\system32\apphelp.dll
0x6fca0000 - 0x6fe13000 	C:\PROGRA~2\MICROS~1\Office16\GROOVEEX.DLL
0x739e0000 - 0x739f5000 	C:\Windows\system32\VCRUNTIME140.dll
0x739d0000 - 0x739d4000 	C:\Windows\system32\api-ms-win-crt-runtime-l1-1-0.dll
0x734b0000 - 0x7358c000 	C:\Windows\system32\ucrtbase.DLL
0x739c0000 - 0x739c3000 	C:\Windows\system32\api-ms-win-core-timezone-l1-1-0.dll
0x739b0000 - 0x739b3000 	C:\Windows\system32\api-ms-win-core-file-l2-1-0.dll
0x739a0000 - 0x739a3000 	C:\Windows\system32\api-ms-win-core-localization-l1-2-0.dll
0x73990000 - 0x73993000 	C:\Windows\system32\api-ms-win-core-synch-l1-2-0.dll
0x73980000 - 0x73983000 	C:\Windows\system32\api-ms-win-core-processthreads-l1-1-1.dll
0x734a0000 - 0x734a3000 	C:\Windows\system32\api-ms-win-core-file-l1-2-0.dll
0x73490000 - 0x73494000 	C:\Windows\system32\api-ms-win-crt-string-l1-1-0.dll
0x73480000 - 0x73483000 	C:\Windows\system32\api-ms-win-crt-heap-l1-1-0.dll
0x73470000 - 0x73474000 	C:\Windows\system32\api-ms-win-crt-stdio-l1-1-0.dll
0x73460000 - 0x73464000 	C:\Windows\system32\api-ms-win-crt-convert-l1-1-0.dll
0x733f0000 - 0x7345e000 	C:\Windows\system32\MSVCP140.dll
0x733e0000 - 0x733e3000 	C:\Windows\system32\api-ms-win-crt-locale-l1-1-0.dll
0x733d0000 - 0x733d5000 	C:\Windows\system32\api-ms-win-crt-math-l1-1-0.dll
0x733c0000 - 0x733c5000 	C:\Windows\system32\api-ms-win-crt-multibyte-l1-1-0.dll
0x733b0000 - 0x733b3000 	C:\Windows\system32\api-ms-win-crt-time-l1-1-0.dll
0x733a0000 - 0x733a3000 	C:\Windows\system32\api-ms-win-crt-filesystem-l1-1-0.dll
0x73390000 - 0x73393000 	C:\Windows\system32\api-ms-win-crt-environment-l1-1-0.dll
0x73380000 - 0x73383000 	C:\Windows\system32\api-ms-win-crt-utility-l1-1-0.dll
0x6fe20000 - 0x70065000 	C:\Windows\system32\msi.dll
0x6e470000 - 0x6ecee000 	C:\PROGRA~2\MICROS~1\Office16\1033\GrooveIntlResource.dll
0x732f0000 - 0x73321000 	C:\Windows\system32\EhStorShell.dll
0x736d0000 - 0x737c5000 	C:\Windows\system32\PROPSYS.dll
0x6f910000 - 0x6f980000 	C:\Windows\system32\ntshrui.dll
0x73340000 - 0x73359000 	C:\Windows\system32\srvcli.dll
0x73330000 - 0x7333b000 	C:\Windows\system32\cscapi.dll
0x732e0000 - 0x732ea000 	C:\Windows\system32\slc.dll
0x6b8d0000 - 0x6b8f1000 	C:\Program Files (x86)\Common Files\Microsoft Shared\Ink\rtscom.dll
0x6f8d0000 - 0x6f8e6000 	C:\Program Files (x86)\BlueJ\jdk\jre\bin\net.dll
0x70f90000 - 0x70fcc000 	C:\Windows\system32\mswsock.dll
0x70f70000 - 0x70f76000 	C:\Windows\System32\wship6.dll
0x70f80000 - 0x70f85000 	C:\Windows\System32\wshtcpip.dll
0x70ee0000 - 0x70f24000 	C:\Windows\system32\DNSAPI.dll
0x70ea0000 - 0x70ebc000 	C:\Windows\system32\IPHLPAPI.DLL
0x70e90000 - 0x70e97000 	C:\Windows\system32\WINNSI.DLL
0x70e80000 - 0x70e86000 	C:\Windows\system32\rasadhlp.dll
0x6b890000 - 0x6b8c8000 	C:\Windows\System32\fwpuclnt.dll
0x6b850000 - 0x6b889000 	C:\Program Files (x86)\BlueJ\jdk\jre\bin\fontmanager.dll
0x6b780000 - 0x6b848000 	C:\Windows\system32\opengl32.dll
0x6b750000 - 0x6b772000 	C:\Windows\system32\GLU32.dll
0x6b660000 - 0x6b747000 	C:\Windows\system32\DDRAW.dll
0x6b650000 - 0x6b656000 	C:\Windows\system32\DCIMAN32.dll
0x70070000 - 0x7007f000 	C:\Program Files (x86)\BlueJ\jdk\jre\bin\nio.dll
0x6b610000 - 0x6b642000 	C:\Program Files (x86)\BlueJ\jdk\jre\bin\t2k.dll
0x71070000 - 0x71087000 	C:\Windows\system32\CRYPTSP.dll
0x71030000 - 0x7106b000 	C:\Windows\system32\rsaenh.dll
0x75d30000 - 0x75d47000 	C:\Windows\syswow64\USERENV.dll
0x6b600000 - 0x6b60d000 	C:\Windows\system32\dhcpcsvc6.DLL
0x6b5e0000 - 0x6b5f2000 	C:\Windows\system32\dhcpcsvc.DLL
0x6b5c0000 - 0x6b5e0000 	C:\Program Files (x86)\BlueJ\jdk\jre\bin\sunec.dll
0x6b5b0000 - 0x6b5b9000 	C:\Program Files (x86)\BlueJ\jdk\jre\bin\sunmscapi.dll
0x76310000 - 0x76431000 	C:\Windows\syswow64\CRYPT32.dll
0x76300000 - 0x7630c000 	C:\Windows\syswow64\MSASN1.dll
0x6b5a0000 - 0x6b5a9000 	C:\Program Files (x86)\BlueJ\jdk\jre\bin\dt_shmem.dll
0x70f60000 - 0x70f70000 	C:\Windows\system32\NLAapi.dll
0x70f50000 - 0x70f60000 	C:\Windows\system32\napinsp.dll
0x70f30000 - 0x70f42000 	C:\Windows\system32\pnrpnsp.dll
0x70ed0000 - 0x70ed8000 	C:\Windows\System32\winrnr.dll
0x70ec0000 - 0x70ecd000 	C:\Windows\system32\wshbth.dll
0x6b580000 - 0x6b58a000 	C:\Program Files (x86)\BlueJ\jdk\jre\bin\management.dll
0x6b570000 - 0x6b57f000 	C:\Program Files (x86)\BlueJ\jdk\jre\bin\prism_common.dll
0x69370000 - 0x6b531000 	C:\Program Files (x86)\BlueJ\jdk\jre\bin\jfxwebkit.dll
0x60ed0000 - 0x61217000 	C:\Windows\system32\d2d1.dll
0x60d50000 - 0x60ec5000 	C:\Windows\system32\d3d11.dll
0x60d00000 - 0x60d4c000 	C:\Windows\system32\dxgi.dll
0x60b10000 - 0x60cf9000 	C:\Windows\system32\D3D10Warp.dll

VM Arguments:
jvm_args: -Xmx512M -Djavafx.embed.singleThread=true 
java_command: <unknown>
java_class_path (initial): C:\Program Files (x86)\BlueJ\lib\bluej.jar;C:\Program Files (x86)\BlueJ\jdk\lib\tools.jar
Launcher Type: generic

Environment Variables:
PATH=C:\Program Files (x86)\NVIDIA Corporation\PhysX\Common;C:\ProgramData\Oracle\Java\javapath;c:\Program Files (x86)\Intel\iCLS Client\;c:\Program Files\Intel\iCLS Client\;C:\Windows\system32;C:\Windows;C:\Windows\System32\Wbem;C:\Windows\System32\WindowsPowerShell\v1.0\;C:\Program Files\Intel\Intel(R) Management Engine Components\DAL;C:\Program Files\Intel\Intel(R) Management Engine Components\IPT;C:\Program Files (x86)\Intel\Intel(R) Management Engine Components\DAL;C:\Program Files (x86)\Intel\Intel(R) Management Engine Components\IPT;C:\Program Files (x86)\ATI Technologies\ATI.ACE\Core-Static;C:\Windows\system32\config\systemprofile\.dnx\bin;C:\Program Files\Microsoft DNX\Dnvm\;C:\Program Files\Microsoft SQL Server\120\Tools\Binn\;C:\Program Files\Microsoft SQL Server\130\Tools\Binn\;C:\Users\HP\Phone\
USERNAME=HP
OS=Windows_NT
PROCESSOR_IDENTIFIER=Intel64 Family 6 Model 60 Stepping 3, GenuineIntel



---------------  S Y S T E M  ---------------

OS: Windows 7 , 64 bit Build 7601 (6.1.7601.18933)

CPU:total 4 (initial active 4) (2 cores per cpu, 2 threads per core) family 6 model 60 stepping 3, cmov, cx8, fxsr, mmx, sse, sse2, sse3, ssse3, sse4.1, sse4.2, popcnt, avx, avx2, aes, clmul, erms, lzcnt, ht, tsc, tscinvbit, bmi1, bmi2

Memory: 4k page, physical 12461168k(10226708k free), swap 24920496k(22637868k free)

vm_info: Java HotSpot(TM) Client VM (25.144-b01) for windows-x86 JRE (1.8.0_144-b01), built on Jul 21 2017 21:58:05 by "java_re" with MS VC++ 10.0 (VS2010)

time: Mon Mar 26 11:35:08 2018
elapsed time: 682 seconds (0d 0h 11m 22s)

